<?xml version="1.0" encoding="UTF-8"?>
<!-- Generated by org.testng.reporters.JUnitReportReporter -->
<testsuite hostname="DESKTOP-K6AB42U" failures="0" tests="1" name="testCases.TC001_AccountRegistrationTest" time="3.115" errors="0" timestamp="2024-07-12T21:41:54 IST" skipped="0">
  <testcase classname="testCases.TC001_AccountRegistrationTest" name="verify_account_registration" time="3.115"/>
</testsuite> <!-- testCases.TC001_AccountRegistrationTest -->
