<?xml version="1.0" encoding="UTF-8"?>
<!-- Generated by org.testng.reporters.JUnitReportReporter -->
<testsuite hostname="DESKTOP-K6AB42U" failures="0" tests="1" name="testCases.TC002_LoginTest" time="1.800" errors="0" timestamp="2024-07-12T21:41:54 IST" skipped="0">
  <testcase classname="testCases.TC002_LoginTest" name="verify_login" time="1.800"/>
</testsuite> <!-- testCases.TC002_LoginTest -->
